# JRE version: OpenJDK Runtime Environment Temurin-21.0.7+6 (21.0.7+6) (build 21.0.7+6-LTS)
# Java VM: OpenJDK 64-Bit Server VM Temurin-21.0.7+6 (21.0.7+6-LTS, mixed mode, sharing, tiered, compressed oops, compressed class ptrs, parallel gc, windows-amd64)
GC Precious Log:
 CardTable entry size: 512
 CPUs: 12 total, 12 available
 Memory: 7498M
 Large Page Support: Disabled
 NUMA Support: Disabled
 Compressed Oops: Enabled (32-bit)
 Alignments: Space 512K, Generation 512K, Heap 2M
 Heap Min Capacity: 100M
 Heap Initial Capacity: 100M
 Heap Max Capacity: 2G
 Pre-touch: Disabled
 Parallel Workers: 10
Heap:
 PSYoungGen      total 27648K, used 26957K [0x00000000d5580000, 0x00000000d7b80000, 0x0000000100000000)
  eden space 19456K, 100% used [0x00000000d5580000,0x00000000d6880000,0x00000000d6880000)
  from space 8192K, 91% used [0x00000000d6880000,0x00000000d6fd3530,0x00000000d7080000)
  to   space 8192K, 46% used [0x00000000d7380000,0x00000000d773b608,0x00000000d7b80000)
 ParOldGen       total 314880K, used 314604K [0x0000000080000000, 0x0000000093380000, 0x00000000d5580000)
  object space 314880K, 99% used [0x0000000080000000,0x000000009333b350,0x0000000093380000)
 Metaspace       used 62505K, committed 63936K, reserved 1114112K
  class space    used 6407K, committed 7040K, reserved 1048576K
GC Heap History (20 events):
Event: 8.877 GC heap after
{Heap after GC invocations=193 (full 4):
 PSYoungGen      total 17920K, used 3651K [0x00000000d5580000, 0x00000000d6d00000, 0x0000000100000000)
  eden space 13824K, 0% used [0x00000000d5580000,0x00000000d5580000,0x00000000d6300000)
  from space 4096K, 89% used [0x00000000d6300000,0x00000000d6690d78,0x00000000d6700000)
  to   space 4096K, 0% used [0x00000000d6900000,0x00000000d6900000,0x00000000d6d00000)
 ParOldGen       total 281088K, used 273327K [0x0000000080000000, 0x0000000091280000, 0x00000000d5580000)
  object space 281088K, 97% used [0x0000000080000000,0x0000000090aebe40,0x0000000091280000)
 Metaspace       used 62466K, committed 63936K, reserved 1114112K
  class space    used 6405K, committed 7040K, reserved 1048576K
}
Event: 8.900 GC heap before
{Heap before GC invocations=194 (full 4):
 PSYoungGen      total 17920K, used 17475K [0x00000000d5580000, 0x00000000d6d00000, 0x0000000100000000)
  eden space 13824K, 100% used [0x00000000d5580000,0x00000000d6300000,0x00000000d6300000)
  from space 4096K, 89% used [0x00000000d6300000,0x00000000d6690d78,0x00000000d6700000)
  to   space 4096K, 0% used [0x00000000d6900000,0x00000000d6900000,0x00000000d6d00000)
 ParOldGen       total 281088K, used 273327K [0x0000000080000000, 0x0000000091280000, 0x00000000d5580000)
  object space 281088K, 97% used [0x0000000080000000,0x0000000090aebe40,0x0000000091280000)
 Metaspace       used 62471K, committed 63936K, reserved 1114112K
  class space    used 6405K, committed 7040K, reserved 1048576K
}
Event: 8.903 GC heap after
{Heap after GC invocations=194 (full 4):
 PSYoungGen      total 15360K, used 4086K [0x00000000d5580000, 0x00000000d7600000, 0x0000000100000000)
  eden space 11264K, 0% used [0x00000000d5580000,0x00000000d5580000,0x00000000d6080000)
  from space 4096K, 99% used [0x00000000d6900000,0x00000000d6cfdb70,0x00000000d6d00000)
  to   space 8704K, 0% used [0x00000000d6080000,0x00000000d6080000,0x00000000d6900000)
 ParOldGen       total 281088K, used 276970K [0x0000000080000000, 0x0000000091280000, 0x00000000d5580000)
  object space 281088K, 98% used [0x0000000080000000,0x0000000090e7aaf8,0x0000000091280000)
 Metaspace       used 62471K, committed 63936K, reserved 1114112K
  class space    used 6405K, committed 7040K, reserved 1048576K
}
Event: 8.925 GC heap before
{Heap before GC invocations=195 (full 4):
 PSYoungGen      total 15360K, used 15350K [0x00000000d5580000, 0x00000000d7600000, 0x0000000100000000)
  eden space 11264K, 100% used [0x00000000d5580000,0x00000000d6080000,0x00000000d6080000)
  from space 4096K, 99% used [0x00000000d6900000,0x00000000d6cfdb70,0x00000000d6d00000)
  to   space 8704K, 0% used [0x00000000d6080000,0x00000000d6080000,0x00000000d6900000)
 ParOldGen       total 281088K, used 276970K [0x0000000080000000, 0x0000000091280000, 0x00000000d5580000)
  object space 281088K, 98% used [0x0000000080000000,0x0000000090e7aaf8,0x0000000091280000)
 Metaspace       used 62484K, committed 63936K, reserved 1114112K
  class space    used 6405K, committed 7040K, reserved 1048576K
}
Event: 8.928 GC heap after
{Heap after GC invocations=195 (full 4):
 PSYoungGen      total 14336K, used 2792K [0x00000000d5580000, 0x00000000d6b00000, 0x0000000100000000)
  eden space 11264K, 0% used [0x00000000d5580000,0x00000000d5580000,0x00000000d6080000)
  from space 3072K, 90% used [0x00000000d6080000,0x00000000d633a248,0x00000000d6380000)
  to   space 4608K, 0% used [0x00000000d6680000,0x00000000d6680000,0x00000000d6b00000)
 ParOldGen       total 281088K, used 280965K [0x0000000080000000, 0x0000000091280000, 0x00000000d5580000)
  object space 281088K, 99% used [0x0000000080000000,0x0000000091261410,0x0000000091280000)
 Metaspace       used 62484K, committed 63936K, reserved 1114112K
  class space    used 6405K, committed 7040K, reserved 1048576K
}
Event: 8.943 GC heap before
{Heap before GC invocations=196 (full 4):
 PSYoungGen      total 14336K, used 14056K [0x00000000d5580000, 0x00000000d6b00000, 0x0000000100000000)
  eden space 11264K, 100% used [0x00000000d5580000,0x00000000d6080000,0x00000000d6080000)
  from space 3072K, 90% used [0x00000000d6080000,0x00000000d633a248,0x00000000d6380000)
  to   space 4608K, 0% used [0x00000000d6680000,0x00000000d6680000,0x00000000d6b00000)
 ParOldGen       total 281088K, used 280965K [0x0000000080000000, 0x0000000091280000, 0x00000000d5580000)
  object space 281088K, 99% used [0x0000000080000000,0x0000000091261410,0x0000000091280000)
 Metaspace       used 62498K, committed 63936K, reserved 1114112K
  class space    used 6406K, committed 7040K, reserved 1048576K
}
Event: 8.945 GC heap after
{Heap after GC invocations=196 (full 4):
 PSYoungGen      total 16896K, used 3776K [0x00000000d5580000, 0x00000000d6a80000, 0x0000000100000000)
  eden space 12800K, 0% used [0x00000000d5580000,0x00000000d5580000,0x00000000d6200000)
  from space 4096K, 92% used [0x00000000d6680000,0x00000000d6a30050,0x00000000d6a80000)
  to   space 4096K, 0% used [0x00000000d6280000,0x00000000d6280000,0x00000000d6680000)
 ParOldGen       total 283648K, used 283564K [0x0000000080000000, 0x0000000091500000, 0x00000000d5580000)
  object space 283648K, 99% used [0x0000000080000000,0x00000000914eb310,0x0000000091500000)
 Metaspace       used 62498K, committed 63936K, reserved 1114112K
  class space    used 6406K, committed 7040K, reserved 1048576K
}
Event: 8.957 GC heap before
{Heap before GC invocations=197 (full 4):
 PSYoungGen      total 16896K, used 16576K [0x00000000d5580000, 0x00000000d6a80000, 0x0000000100000000)
  eden space 12800K, 100% used [0x00000000d5580000,0x00000000d6200000,0x00000000d6200000)
  from space 4096K, 92% used [0x00000000d6680000,0x00000000d6a30050,0x00000000d6a80000)
  to   space 4096K, 0% used [0x00000000d6280000,0x00000000d6280000,0x00000000d6680000)
 ParOldGen       total 283648K, used 283564K [0x0000000080000000, 0x0000000091500000, 0x00000000d5580000)
  object space 283648K, 99% used [0x0000000080000000,0x00000000914eb310,0x0000000091500000)
 Metaspace       used 62504K, committed 63936K, reserved 1114112K
  class space    used 6407K, committed 7040K, reserved 1048576K
}
Event: 8.960 GC heap after
{Heap after GC invocations=197 (full 4):
 PSYoungGen      total 17408K, used 4079K [0x00000000d5580000, 0x00000000d7580000, 0x0000000100000000)
  eden space 13312K, 0% used [0x00000000d5580000,0x00000000d5580000,0x00000000d6280000)
  from space 4096K, 99% used [0x00000000d6280000,0x00000000d667bfd8,0x00000000d6680000)
  to   space 9216K, 0% used [0x00000000d6c80000,0x00000000d6c80000,0x00000000d7580000)
 ParOldGen       total 287744K, used 287484K [0x0000000080000000, 0x0000000091900000, 0x00000000d5580000)
  object space 287744K, 99% used [0x0000000080000000,0x00000000918bf2c0,0x0000000091900000)
 Metaspace       used 62504K, committed 63936K, reserved 1114112K
  class space    used 6407K, committed 7040K, reserved 1048576K
}
Event: 8.977 GC heap before
{Heap before GC invocations=198 (full 4):
 PSYoungGen      total 17408K, used 17391K [0x00000000d5580000, 0x00000000d7580000, 0x0000000100000000)
  eden space 13312K, 100% used [0x00000000d5580000,0x00000000d6280000,0x00000000d6280000)
  from space 4096K, 99% used [0x00000000d6280000,0x00000000d667bfd8,0x00000000d6680000)
  to   space 9216K, 0% used [0x00000000d6c80000,0x00000000d6c80000,0x00000000d7580000)
 ParOldGen       total 287744K, used 287484K [0x0000000080000000, 0x0000000091900000, 0x00000000d5580000)
  object space 287744K, 99% used [0x0000000080000000,0x00000000918bf2c0,0x0000000091900000)
 Metaspace       used 62504K, committed 63936K, reserved 1114112K
  class space    used 6407K, committed 7040K, reserved 1048576K
}
Event: 8.980 GC heap after
{Heap after GC invocations=198 (full 4):
 PSYoungGen      total 19968K, used 4159K [0x00000000d5580000, 0x00000000d7100000, 0x0000000100000000)
  eden space 15360K, 0% used [0x00000000d5580000,0x00000000d5580000,0x00000000d6480000)
  from space 4608K, 90% used [0x00000000d6c80000,0x00000000d708ffe0,0x00000000d7100000)
  to   space 5632K, 0% used [0x00000000d6600000,0x00000000d6600000,0x00000000d6b80000)
 ParOldGen       total 291840K, used 291385K [0x0000000080000000, 0x0000000091d00000, 0x00000000d5580000)
  object space 291840K, 99% used [0x0000000080000000,0x0000000091c8e4e0,0x0000000091d00000)
 Metaspace       used 62504K, committed 63936K, reserved 1114112K
  class space    used 6407K, committed 7040K, reserved 1048576K
}
Event: 8.994 GC heap before
{Heap before GC invocations=199 (full 4):
 PSYoungGen      total 19968K, used 19519K [0x00000000d5580000, 0x00000000d7100000, 0x0000000100000000)
  eden space 15360K, 100% used [0x00000000d5580000,0x00000000d6480000,0x00000000d6480000)
  from space 4608K, 90% used [0x00000000d6c80000,0x00000000d708ffe0,0x00000000d7100000)
  to   space 5632K, 0% used [0x00000000d6600000,0x00000000d6600000,0x00000000d6b80000)
 ParOldGen       total 291840K, used 291385K [0x0000000080000000, 0x0000000091d00000, 0x00000000d5580000)
  object space 291840K, 99% used [0x0000000080000000,0x0000000091c8e4e0,0x0000000091d00000)
 Metaspace       used 62504K, committed 63936K, reserved 1114112K
  class space    used 6407K, committed 7040K, reserved 1048576K
}
Event: 8.997 GC heap after
{Heap after GC invocations=199 (full 4):
 PSYoungGen      total 22528K, used 5614K [0x00000000d5580000, 0x00000000d7c80000, 0x0000000100000000)
  eden space 16896K, 0% used [0x00000000d5580000,0x00000000d5580000,0x00000000d6600000)
  from space 5632K, 99% used [0x00000000d6600000,0x00000000d6b7b840,0x00000000d6b80000)
  to   space 11264K, 0% used [0x00000000d7180000,0x00000000d7180000,0x00000000d7c80000)
 ParOldGen       total 295936K, used 295635K [0x0000000080000000, 0x0000000092100000, 0x00000000d5580000)
  object space 295936K, 99% used [0x0000000080000000,0x00000000920b4e38,0x0000000092100000)
 Metaspace       used 62504K, committed 63936K, reserved 1114112K
  class space    used 6407K, committed 7040K, reserved 1048576K
}
Event: 9.011 GC heap before
{Heap before GC invocations=200 (full 4):
 PSYoungGen      total 22528K, used 22510K [0x00000000d5580000, 0x00000000d7c80000, 0x0000000100000000)
  eden space 16896K, 100% used [0x00000000d5580000,0x00000000d6600000,0x00000000d6600000)
  from space 5632K, 99% used [0x00000000d6600000,0x00000000d6b7b840,0x00000000d6b80000)
  to   space 11264K, 0% used [0x00000000d7180000,0x00000000d7180000,0x00000000d7c80000)
 ParOldGen       total 295936K, used 295635K [0x0000000080000000, 0x0000000092100000, 0x00000000d5580000)
  object space 295936K, 99% used [0x0000000080000000,0x00000000920b4e38,0x0000000092100000)
 Metaspace       used 62504K, committed 63936K, reserved 1114112K
  class space    used 6407K, committed 7040K, reserved 1048576K
}
Event: 9.015 GC heap after
{Heap after GC invocations=200 (full 4):
 PSYoungGen      total 26624K, used 6655K [0x00000000d5580000, 0x00000000d7880000, 0x0000000100000000)
  eden space 19456K, 0% used [0x00000000d5580000,0x00000000d5580000,0x00000000d6880000)
  from space 7168K, 92% used [0x00000000d7180000,0x00000000d77ffc38,0x00000000d7880000)
  to   space 8192K, 0% used [0x00000000d6880000,0x00000000d6880000,0x00000000d7080000)
 ParOldGen       total 301056K, used 301021K [0x0000000080000000, 0x0000000092600000, 0x00000000d5580000)
  object space 301056K, 99% used [0x0000000080000000,0x00000000925f77c0,0x0000000092600000)
 Metaspace       used 62504K, committed 63936K, reserved 1114112K
  class space    used 6407K, committed 7040K, reserved 1048576K
}
Event: 9.032 GC heap before
{Heap before GC invocations=201 (full 4):
 PSYoungGen      total 26624K, used 26111K [0x00000000d5580000, 0x00000000d7880000, 0x0000000100000000)
  eden space 19456K, 100% used [0x00000000d5580000,0x00000000d6880000,0x00000000d6880000)
  from space 7168K, 92% used [0x00000000d7180000,0x00000000d77ffc38,0x00000000d7880000)
  to   space 8192K, 0% used [0x00000000d6880000,0x00000000d6880000,0x00000000d7080000)
 ParOldGen       total 301056K, used 301021K [0x0000000080000000, 0x0000000092600000, 0x00000000d5580000)
  object space 301056K, 99% used [0x0000000080000000,0x00000000925f77c0,0x0000000092600000)
 Metaspace       used 62504K, committed 63936K, reserved 1114112K
  class space    used 6407K, committed 7040K, reserved 1048576K
}
Event: 9.036 GC heap after
{Heap after GC invocations=201 (full 4):
 PSYoungGen      total 27648K, used 7501K [0x00000000d5580000, 0x00000000d7b80000, 0x0000000100000000)
  eden space 19456K, 0% used [0x00000000d5580000,0x00000000d5580000,0x00000000d6880000)
  from space 8192K, 91% used [0x00000000d6880000,0x00000000d6fd3530,0x00000000d7080000)
  to   space 8192K, 0% used [0x00000000d7380000,0x00000000d7380000,0x00000000d7b80000)
 ParOldGen       total 307712K, used 307470K [0x0000000080000000, 0x0000000092c80000, 0x00000000d5580000)
  object space 307712K, 99% used [0x0000000080000000,0x0000000092c438b0,0x0000000092c80000)
 Metaspace       used 62504K, committed 63936K, reserved 1114112K
  class space    used 6407K, committed 7040K, reserved 1048576K
}
Event: 9.076 GC heap before
{Heap before GC invocations=202 (full 4):
 PSYoungGen      total 27648K, used 26957K [0x00000000d5580000, 0x00000000d7b80000, 0x0000000100000000)
  eden space 19456K, 100% used [0x00000000d5580000,0x00000000d6880000,0x00000000d6880000)
  from space 8192K, 91% used [0x00000000d6880000,0x00000000d6fd3530,0x00000000d7080000)
  to   space 8192K, 0% used [0x00000000d7380000,0x00000000d7380000,0x00000000d7b80000)
 ParOldGen       total 307712K, used 307470K [0x0000000080000000, 0x0000000092c80000, 0x00000000d5580000)
  object space 307712K, 99% used [0x0000000080000000,0x0000000092c438b0,0x0000000092c80000)
 Metaspace       used 62505K, committed 63936K, reserved 1114112K
  class space    used 6407K, committed 7040K, reserved 1048576K
}
Event: 9.081 GC heap after
{Heap after GC invocations=202 (full 4):
 PSYoungGen      total 27648K, used 26957K [0x00000000d5580000, 0x00000000d7b80000, 0x0000000100000000)
  eden space 19456K, 100% used [0x00000000d5580000,0x00000000d6880000,0x00000000d6880000)
  from space 8192K, 91% used [0x00000000d6880000,0x00000000d6fd3530,0x00000000d7080000)
  to   space 8192K, 46% used [0x00000000d7380000,0x00000000d773b608,0x00000000d7b80000)
 ParOldGen       total 314880K, used 314604K [0x0000000080000000, 0x0000000093380000, 0x00000000d5580000)
  object space 314880K, 99% used [0x0000000080000000,0x000000009333b350,0x0000000093380000)
 Metaspace       used 62505K, committed 63936K, reserved 1114112K
  class space    used 6407K, committed 7040K, reserved 1048576K
}
Event: 9.081 GC heap before
{Heap before GC invocations=203 (full 5):
 PSYoungGen      total 27648K, used 26957K [0x00000000d5580000, 0x00000000d7b80000, 0x0000000100000000)
  eden space 19456K, 100% used [0x00000000d5580000,0x00000000d6880000,0x00000000d6880000)
  from space 8192K, 91% used [0x00000000d6880000,0x00000000d6fd3530,0x00000000d7080000)
  to   space 8192K, 46% used [0x00000000d7380000,0x00000000d773b608,0x00000000d7b80000)
 ParOldGen       total 314880K, used 314604K [0x0000000080000000, 0x0000000093380000, 0x00000000d5580000)
  object space 314880K, 99% used [0x0000000080000000,0x000000009333b350,0x0000000093380000)
 Metaspace       used 62505K, committed 63936K, reserved 1114112K
  class space    used 6407K, committed 7040K, reserved 1048576K
}

